@!@!@STARTMSG 2262:0 @!@!@
TLC2 Version 2.19 of 08 August 2024 (rev: 5a47802)
@!@!@ENDMSG 2262 @!@!@
@!@!@STARTMSG 2187:0 @!@!@
Running breadth-first search Model-Checking with fp 6 and seed -1824241778598164951 with 2 workers on 4 cores with 1881MB heap and 4228MB offheap memory [pid: 36673] (Linux 6.14.0-27-generic amd64, AdoptOpenJDK 14.0.1 x86_64, OffHeapDiskFPSet, DiskStateQueue).
@!@!@ENDMSG 2187 @!@!@
@!@!@STARTMSG 2220:0 @!@!@
Starting SANY...
@!@!@ENDMSG 2220 @!@!@
Parsing file /home/ngavali/myprojects/github.com/rationalbear/tla+/getting started/towerOfHanoi/towerOfHanoi.toolbox/towerOfHanoi_Model/MC.tla
Parsing file /home/ngavali/myprojects/github.com/rationalbear/tla+/getting started/towerOfHanoi/towerOfHanoi.toolbox/towerOfHanoi_Model/towerOfHanoi.tla
Labels added.
Parsing file /home/ngavali/myprojects/TLAToolbox-1.7.4-linux.gtk.x86_64/toolbox/plugins/org.lamport.tlatools_1.0.0.202408081326/tla2sany/StandardModules/TLC.tla
Parsing file /home/ngavali/myprojects/TLAToolbox-1.7.4-linux.gtk.x86_64/toolbox/plugins/org.lamport.tlatools_1.0.0.202408081326/tla2sany/StandardModules/Sequences.tla
Parsing file /home/ngavali/myprojects/TLAToolbox-1.7.4-linux.gtk.x86_64/toolbox/plugins/org.lamport.tlatools_1.0.0.202408081326/tla2sany/StandardModules/Integers.tla
Parsing file /home/ngavali/myprojects/TLAToolbox-1.7.4-linux.gtk.x86_64/toolbox/plugins/org.lamport.tlatools_1.0.0.202408081326/tla2sany/StandardModules/Naturals.tla
Parsing file /home/ngavali/myprojects/TLAToolbox-1.7.4-linux.gtk.x86_64/toolbox/plugins/org.lamport.tlatools_1.0.0.202408081326/tla2sany/StandardModules/FiniteSets.tla
Semantic processing of module Naturals
Semantic processing of module Sequences
Semantic processing of module FiniteSets
Semantic processing of module TLC
Semantic processing of module Integers
Semantic processing of module towerOfHanoi
Semantic processing of module MC
@!@!@STARTMSG 2219:0 @!@!@
SANY finished.
@!@!@ENDMSG 2219 @!@!@
@!@!@STARTMSG 2185:0 @!@!@
Starting... (2025-08-03 12:30:02)
@!@!@ENDMSG 2185 @!@!@
@!@!@STARTMSG 2189:0 @!@!@
Computing initial states...
@!@!@ENDMSG 2189 @!@!@
@!@!@STARTMSG 2190:0 @!@!@
Finished computing initial states: 1 distinct state generated at 2025-08-03 12:30:04.
@!@!@ENDMSG 2190 @!@!@
@!@!@STARTMSG 2132:1 @!@!@
The first argument of Assert evaluated to FALSE; the second argument was:
"Failure of assertion at line 13, column 3."
@!@!@ENDMSG 2132 @!@!@
@!@!@STARTMSG 2121:1 @!@!@
The behavior up to this point is:
@!@!@ENDMSG 2121 @!@!@
@!@!@STARTMSG 2217:4 @!@!@
1: <Initial predicate>
tower = <<<<1, 2, 3>>, <<>>, <<>>>>

@!@!@ENDMSG 2217 @!@!@
@!@!@STARTMSG 2217:4 @!@!@
2: <Next line 38, col 9 to line 47, col 81 of module towerOfHanoi>
tower = <<<<2, 3>>, <<>>, <<1>>>>

@!@!@ENDMSG 2217 @!@!@
@!@!@STARTMSG 2217:4 @!@!@
3: <Next line 38, col 9 to line 47, col 81 of module towerOfHanoi>
tower = <<<<3>>, <<2>>, <<1>>>>

@!@!@ENDMSG 2217 @!@!@
@!@!@STARTMSG 2217:4 @!@!@
4: <Next line 38, col 9 to line 47, col 81 of module towerOfHanoi>
tower = <<<<3>>, <<1, 2>>, <<>>>>

@!@!@ENDMSG 2217 @!@!@
@!@!@STARTMSG 2217:4 @!@!@
5: <Next line 38, col 9 to line 47, col 81 of module towerOfHanoi>
tower = <<<<>>, <<1, 2>>, <<3>>>>

@!@!@ENDMSG 2217 @!@!@
@!@!@STARTMSG 2217:4 @!@!@
6: <Next line 38, col 9 to line 47, col 81 of module towerOfHanoi>
tower = <<<<1>>, <<2>>, <<3>>>>

@!@!@ENDMSG 2217 @!@!@
@!@!@STARTMSG 2217:4 @!@!@
7: <Next line 38, col 9 to line 47, col 81 of module towerOfHanoi>
tower = <<<<1>>, <<>>, <<2, 3>>>>

@!@!@ENDMSG 2217 @!@!@
@!@!@STARTMSG 2217:4 @!@!@
8: <Next line 38, col 9 to line 47, col 81 of module towerOfHanoi>
tower = <<<<>>, <<>>, <<1, 2, 3>>>>

@!@!@ENDMSG 2217 @!@!@
@!@!@STARTMSG 2103:1 @!@!@
The error occurred when TLC was evaluating the nested
expressions at the following positions:
0. Line 38, column 9 to line 47, column 81 in towerOfHanoi
1. Line 38, column 12 to line 39, column 63 in towerOfHanoi


@!@!@ENDMSG 2103 @!@!@
@!@!@STARTMSG 2201:0 @!@!@
The coverage statistics at 2025-08-03 12:30:05
@!@!@ENDMSG 2201 @!@!@
@!@!@STARTMSG 2773:0 @!@!@
<Init line 35, col 1 to line 35, col 4 of module towerOfHanoi>: 2:2
@!@!@ENDMSG 2773 @!@!@
@!@!@STARTMSG 2221:0 @!@!@
  line 36, col 9 to line 36, col 46 of module towerOfHanoi: 2
@!@!@ENDMSG 2221 @!@!@
@!@!@STARTMSG 2772:0 @!@!@
<Next line 38, col 1 to line 38, col 4 of module towerOfHanoi>: 26:96
@!@!@ENDMSG 2772 @!@!@
@!@!@STARTMSG 2221:0 @!@!@
  line 38, col 12 to line 39, col 63 of module towerOfHanoi: 33
@!@!@ENDMSG 2221 @!@!@
@!@!@STARTMSG 2221:0 @!@!@
  |line 38, col 19 to line 38, col 41 of module towerOfHanoi: 35
@!@!@ENDMSG 2221 @!@!@
@!@!@STARTMSG 2221:0 @!@!@
  line 46, col 16 to line 47, col 81 of module towerOfHanoi: 96
@!@!@ENDMSG 2221 @!@!@
@!@!@STARTMSG 2775:0 @!@!@
  line 41, col 24 to line 45, col 24 of module towerOfHanoi: 71:167
@!@!@ENDMSG 2775 @!@!@
@!@!@STARTMSG 2221:0 @!@!@
  |line 43, col 28 to line 44, col 64 of module towerOfHanoi: 213
@!@!@ENDMSG 2221 @!@!@
@!@!@STARTMSG 2221:0 @!@!@
  ||line 43, col 31 to line 43, col 45 of module towerOfHanoi: 213
@!@!@ENDMSG 2221 @!@!@
@!@!@STARTMSG 2221:0 @!@!@
  ||line 44, col 31 to line 44, col 64 of module towerOfHanoi: 163
@!@!@ENDMSG 2221 @!@!@
@!@!@STARTMSG 2221:0 @!@!@
  |line 42, col 32 to line 42, col 32 of module towerOfHanoi: 71
@!@!@ENDMSG 2221 @!@!@
@!@!@STARTMSG 2775:0 @!@!@
  line 40, col 24 to line 40, col 51 of module towerOfHanoi: 33:104
@!@!@ENDMSG 2775 @!@!@
@!@!@STARTMSG 2221:0 @!@!@
  |line 40, col 35 to line 40, col 50 of module towerOfHanoi: 99
@!@!@ENDMSG 2221 @!@!@
@!@!@STARTMSG 2221:0 @!@!@
  |line 40, col 31 to line 40, col 31 of module towerOfHanoi: 33
@!@!@ENDMSG 2221 @!@!@
@!@!@STARTMSG 2202:0 @!@!@
End of statistics.
@!@!@ENDMSG 2202 @!@!@
@!@!@STARTMSG 2200:0 @!@!@
Progress(8) at 2025-08-03 12:30:05: 77 states generated (1,394 s/min), 27 distinct states found (488 ds/min), 0 states left on queue.
@!@!@ENDMSG 2200 @!@!@
@!@!@STARTMSG 2199:0 @!@!@
77 states generated, 27 distinct states found, 0 states left on queue.
@!@!@ENDMSG 2199 @!@!@
@!@!@STARTMSG 2186:0 @!@!@
Finished in 3328ms at (2025-08-03 12:30:05)
@!@!@ENDMSG 2186 @!@!@
