@!@!@STARTMSG 2262:0 @!@!@
TLC2 Version 2.19 of 08 August 2024 (rev: 5a47802)
@!@!@ENDMSG 2262 @!@!@
@!@!@STARTMSG 2187:0 @!@!@
Running breadth-first search Model-Checking with fp 125 and seed 8697179198101573256 with 5 workers on 10 cores with 1214MB heap and 2730MB offheap memory [pid: 69072] (Mac OS X 10.16 x86_64, AdoptOpenJDK 14.0.1 x86_64, OffHeapDiskFPSet, DiskStateQueue).
@!@!@ENDMSG 2187 @!@!@
@!@!@STARTMSG 2220:0 @!@!@
Starting SANY...
@!@!@ENDMSG 2220 @!@!@
Parsing file /Users/ngavali/myprojects/personal/tlaplus/transfer.toolbox/Model/MC.tla
Parsing file /Users/ngavali/myprojects/personal/tlaplus/transfer.toolbox/Model/transfer.tla
Warning: symbols were renamed.
Parsing file /private/var/folders/s5/cmsy30zj51z_1yrv5ngkl4fr0000gn/T/AppTranslocation/2217F239-C34D-4D0A-A7D7-EBF834D095F2/d/TLA+ Toolbox.app/Contents/Eclipse/plugins/org.lamport.tlatools_1.0.0.202408081326/tla2sany/StandardModules/TLC.tla
Parsing file /private/var/folders/s5/cmsy30zj51z_1yrv5ngkl4fr0000gn/T/AppTranslocation/2217F239-C34D-4D0A-A7D7-EBF834D095F2/d/TLA+ Toolbox.app/Contents/Eclipse/plugins/org.lamport.tlatools_1.0.0.202408081326/tla2sany/StandardModules/Naturals.tla
Parsing file /private/var/folders/s5/cmsy30zj51z_1yrv5ngkl4fr0000gn/T/AppTranslocation/2217F239-C34D-4D0A-A7D7-EBF834D095F2/d/TLA+ Toolbox.app/Contents/Eclipse/plugins/org.lamport.tlatools_1.0.0.202408081326/tla2sany/StandardModules/Sequences.tla
Parsing file /private/var/folders/s5/cmsy30zj51z_1yrv5ngkl4fr0000gn/T/AppTranslocation/2217F239-C34D-4D0A-A7D7-EBF834D095F2/d/TLA+ Toolbox.app/Contents/Eclipse/plugins/org.lamport.tlatools_1.0.0.202408081326/tla2sany/StandardModules/FiniteSets.tla
Semantic processing of module Naturals
Semantic processing of module Sequences
Semantic processing of module FiniteSets
Semantic processing of module TLC
Semantic processing of module transfer
Semantic processing of module MC
@!@!@STARTMSG 2219:0 @!@!@
SANY finished.
@!@!@ENDMSG 2219 @!@!@
@!@!@STARTMSG 2185:0 @!@!@
Starting... (2025-07-20 10:45:22)
@!@!@ENDMSG 2185 @!@!@
@!@!@STARTMSG 2189:0 @!@!@
Computing initial states...
@!@!@ENDMSG 2189 @!@!@
@!@!@STARTMSG 2269:0 @!@!@
Computed 2 initial states...
@!@!@ENDMSG 2269 @!@!@
@!@!@STARTMSG 2269:0 @!@!@
Computed 4 initial states...
@!@!@ENDMSG 2269 @!@!@
@!@!@STARTMSG 2269:0 @!@!@
Computed 8 initial states...
@!@!@ENDMSG 2269 @!@!@
@!@!@STARTMSG 2269:0 @!@!@
Computed 16 initial states...
@!@!@ENDMSG 2269 @!@!@
@!@!@STARTMSG 2269:0 @!@!@
Computed 32 initial states...
@!@!@ENDMSG 2269 @!@!@
@!@!@STARTMSG 2269:0 @!@!@
Computed 64 initial states...
@!@!@ENDMSG 2269 @!@!@
@!@!@STARTMSG 2269:0 @!@!@
Computed 128 initial states...
@!@!@ENDMSG 2269 @!@!@
@!@!@STARTMSG 2269:0 @!@!@
Computed 256 initial states...
@!@!@ENDMSG 2269 @!@!@
@!@!@STARTMSG 2190:0 @!@!@
Finished computing initial states: 400 distinct states generated at 2025-07-20 10:45:24.
@!@!@ENDMSG 2190 @!@!@
@!@!@STARTMSG 2132:1 @!@!@
The first argument of Assert evaluated to FALSE; the second argument was:
"Failure of assertion at line 24, column 4."
@!@!@ENDMSG 2132 @!@!@
@!@!@STARTMSG 2121:1 @!@!@
The behavior up to this point is:
@!@!@ENDMSG 2121 @!@!@
@!@!@STARTMSG 2217:4 @!@!@
1: <Initial predicate>
/\ bob_account = 10
/\ money = <<2, 9>>
/\ alice_account = 10
/\ pc = <<"Transfer_", "Transfer_">>
/\ account_total = 20

@!@!@ENDMSG 2217 @!@!@
@!@!@STARTMSG 2217:4 @!@!@
2: <Transfer_ line 44, col 20 to line 49, col 43 of module transfer>
/\ bob_account = 10
/\ money = <<2, 9>>
/\ alice_account = 10
/\ pc = <<"Transfer_", "A">>
/\ account_total = 20

@!@!@ENDMSG 2217 @!@!@
@!@!@STARTMSG 2217:4 @!@!@
3: <Transfer_ line 44, col 20 to line 49, col 43 of module transfer>
/\ bob_account = 10
/\ money = <<2, 9>>
/\ alice_account = 10
/\ pc = <<"A", "A">>
/\ account_total = 20

@!@!@ENDMSG 2217 @!@!@
@!@!@STARTMSG 2217:4 @!@!@
4: <A line 51, col 12 to line 55, col 50 of module transfer>
/\ bob_account = 19
/\ money = <<2, 9>>
/\ alice_account = 1
/\ pc = <<"A", "C">>
/\ account_total = 20

@!@!@ENDMSG 2217 @!@!@
@!@!@STARTMSG 2217:4 @!@!@
5: <A line 51, col 12 to line 55, col 50 of module transfer>
/\ bob_account = 21
/\ money = <<2, 9>>
/\ alice_account = -1
/\ pc = <<"C", "C">>
/\ account_total = 20

@!@!@ENDMSG 2217 @!@!@
@!@!@STARTMSG 2103:1 @!@!@
The error occurred when TLC was evaluating the nested
expressions at the following positions:
0. Line 57, column 12 to line 61, column 78 in transfer
1. Line 57, column 15 to line 57, column 28 in transfer
2. Line 58, column 15 to line 59, column 66 in transfer


@!@!@ENDMSG 2103 @!@!@
@!@!@STARTMSG 2201:0 @!@!@
The coverage statistics at 2025-07-20 10:45:25
@!@!@ENDMSG 2201 @!@!@
@!@!@STARTMSG 2773:0 @!@!@
<Init line 36, col 1 to line 36, col 4 of module transfer>: 800:800
@!@!@ENDMSG 2773 @!@!@
@!@!@STARTMSG 2221:0 @!@!@
  line 39, col 12 to line 39, col 54 of module transfer: 2
@!@!@ENDMSG 2221 @!@!@
@!@!@STARTMSG 2221:0 @!@!@
  line 41, col 12 to line 41, col 36 of module transfer: 2
@!@!@ENDMSG 2221 @!@!@
@!@!@STARTMSG 2221:0 @!@!@
  line 42, col 12 to line 42, col 50 of module transfer: 800
@!@!@ENDMSG 2221 @!@!@
@!@!@STARTMSG 2772:0 @!@!@
<Transfer_ line 44, col 1 to line 44, col 15 of module transfer>: 1797:2803
@!@!@ENDMSG 2772 @!@!@
@!@!@STARTMSG 2221:0 @!@!@
  line 44, col 23 to line 44, col 44 of module transfer: 10503
@!@!@ENDMSG 2221 @!@!@
@!@!@STARTMSG 2221:0 @!@!@
  |line 44, col 23 to line 44, col 30 of module transfer: 7700
@!@!@ENDMSG 2221 @!@!@
@!@!@STARTMSG 2221:0 @!@!@
  line 45, col 26 to line 45, col 53 of module transfer: 2803
@!@!@ENDMSG 2221 @!@!@
@!@!@STARTMSG 2221:0 @!@!@
  line 46, col 31 to line 46, col 64 of module transfer: 1183
@!@!@ENDMSG 2221 @!@!@
@!@!@STARTMSG 2221:0 @!@!@
  line 47, col 31 to line 47, col 64 of module transfer: 1620
@!@!@ENDMSG 2221 @!@!@
@!@!@STARTMSG 2221:0 @!@!@
  line 48, col 23 to line 49, col 43 of module transfer: 2803
@!@!@ENDMSG 2221 @!@!@
@!@!@STARTMSG 2772:0 @!@!@
<A line 51, col 1 to line 51, col 7 of module transfer>: 926:1260
@!@!@ENDMSG 2772 @!@!@
@!@!@STARTMSG 2221:0 @!@!@
  line 51, col 15 to line 51, col 28 of module transfer: 8958
@!@!@ENDMSG 2221 @!@!@
@!@!@STARTMSG 2221:0 @!@!@
  |line 51, col 15 to line 51, col 22 of module transfer: 7698
@!@!@ENDMSG 2221 @!@!@
@!@!@STARTMSG 2221:0 @!@!@
  line 52, col 15 to line 52, col 58 of module transfer: 1260
@!@!@ENDMSG 2221 @!@!@
@!@!@STARTMSG 2221:0 @!@!@
  line 53, col 15 to line 53, col 54 of module transfer: 1260
@!@!@ENDMSG 2221 @!@!@
@!@!@STARTMSG 2221:0 @!@!@
  line 54, col 15 to line 54, col 45 of module transfer: 1260
@!@!@ENDMSG 2221 @!@!@
@!@!@STARTMSG 2221:0 @!@!@
  line 55, col 15 to line 55, col 50 of module transfer: 1260
@!@!@ENDMSG 2221 @!@!@
@!@!@STARTMSG 2772:0 @!@!@
<C line 57, col 1 to line 57, col 7 of module transfer>: 1679:2316
@!@!@ENDMSG 2772 @!@!@
@!@!@STARTMSG 2221:0 @!@!@
  line 57, col 15 to line 57, col 28 of module transfer: 10012
@!@!@ENDMSG 2221 @!@!@
@!@!@STARTMSG 2221:0 @!@!@
  |line 57, col 15 to line 57, col 22 of module transfer: 7696
@!@!@ENDMSG 2221 @!@!@
@!@!@STARTMSG 2221:0 @!@!@
  line 58, col 15 to line 59, col 66 of module transfer: 2316
@!@!@ENDMSG 2221 @!@!@
@!@!@STARTMSG 2221:0 @!@!@
  |line 58, col 22 to line 58, col 39 of module transfer: 2322
@!@!@ENDMSG 2221 @!@!@
@!@!@STARTMSG 2221:0 @!@!@
  line 60, col 15 to line 60, col 48 of module transfer: 2316
@!@!@ENDMSG 2221 @!@!@
@!@!@STARTMSG 2221:0 @!@!@
  line 61, col 15 to line 61, col 78 of module transfer: 2316
@!@!@ENDMSG 2221 @!@!@
@!@!@STARTMSG 2772:0 @!@!@
<Terminating line 66, col 1 to line 66, col 11 of module transfer>: 0:0
@!@!@ENDMSG 2772 @!@!@
@!@!@STARTMSG 2221:0 @!@!@
  line 66, col 40 to line 66, col 56 of module transfer: 4503
@!@!@ENDMSG 2221 @!@!@
@!@!@STARTMSG 2221:0 @!@!@
  line 66, col 31 to line 66, col 37 of module transfer: 3844
@!@!@ENDMSG 2221 @!@!@
@!@!@STARTMSG 2221:0 @!@!@
  line 67, col 19 to line 67, col 32 of module transfer: 0
@!@!@ENDMSG 2221 @!@!@
@!@!@STARTMSG 2774:0 @!@!@
<MoneyInvariant line 83, col 1 to line 83, col 14 of module transfer>
@!@!@ENDMSG 2774 @!@!@
@!@!@STARTMSG 2221:0 @!@!@
  line 83, col 19 to line 83, col 61 of module transfer: 4802
@!@!@ENDMSG 2221 @!@!@
@!@!@STARTMSG 2202:0 @!@!@
End of statistics.
@!@!@ENDMSG 2202 @!@!@
@!@!@STARTMSG 2200:0 @!@!@
Progress(6) at 2025-07-20 10:45:25: 6,773 states generated (121,962 s/min), 4,802 distinct states found (86,470 ds/min), 953 states left on queue.
@!@!@ENDMSG 2200 @!@!@
@!@!@STARTMSG 2199:0 @!@!@
6773 states generated, 4802 distinct states found, 953 states left on queue.
@!@!@ENDMSG 2199 @!@!@
@!@!@STARTMSG 2186:0 @!@!@
Finished in 3354ms at (2025-07-20 10:45:25)
@!@!@ENDMSG 2186 @!@!@
